# Logfile created on Tue Jun 07 22:15:37 +0530 2011

Processing ApplicationController#index (for 127.0.0.1 at 2011-06-07 22:15:52) [GET]
  Session ID: 611aa4663829530d7885dd7f1bd5f452
  Parameters: {"action"=>"index", "controller"=>"searches"}


MissingSourceFile (no such file to load -- ym4r):
    /home/ranjan/.rvm/rubies/ree-1.8.7-2010.01/lib/ruby/site_ruby/1.8/rubygems/custom_require.rb:55:in `gem_original_require'
    /home/ranjan/.rvm/rubies/ree-1.8.7-2010.01/lib/ruby/site_ruby/1.8/rubygems/custom_require.rb:55:in `require'
    /home/ranjan/.rvm/gems/ree-1.8.7-2010.01/gems/activesupport-2.1.0/lib/active_support/dependencies.rb:509:in `require'
    /home/ranjan/.rvm/gems/ree-1.8.7-2010.01/gems/activesupport-2.1.0/lib/active_support/dependencies.rb:354:in `new_constants_in'
    /home/ranjan/.rvm/gems/ree-1.8.7-2010.01/gems/activesupport-2.1.0/lib/active_support/dependencies.rb:509:in `require'
    /app/controllers/searches_controller.rb:2
    /home/ranjan/.rvm/gems/ree-1.8.7-2010.01/gems/activesupport-2.1.0/lib/active_support/dependencies.rb:215:in `load_without_new_constant_marking'
    /home/ranjan/.rvm/gems/ree-1.8.7-2010.01/gems/activesupport-2.1.0/lib/active_support/dependencies.rb:215:in `load_file'
    /home/ranjan/.rvm/gems/ree-1.8.7-2010.01/gems/activesupport-2.1.0/lib/active_support/dependencies.rb:354:in `new_constants_in'
    /home/ranjan/.rvm/gems/ree-1.8.7-2010.01/gems/activesupport-2.1.0/lib/active_support/dependencies.rb:214:in `load_file'
    /home/ranjan/.rvm/gems/ree-1.8.7-2010.01/gems/activesupport-2.1.0/lib/active_support/dependencies.rb:95:in `require_or_load'
    /home/ranjan/.rvm/gems/ree-1.8.7-2010.01/gems/activesupport-2.1.0/lib/active_support/dependencies.rb:260:in `load_missing_constant'
    /home/ranjan/.rvm/gems/ree-1.8.7-2010.01/gems/activesupport-2.1.0/lib/active_support/dependencies.rb:467:in `const_missing'
    /home/ranjan/.rvm/gems/ree-1.8.7-2010.01/gems/activesupport-2.1.0/lib/active_support/dependencies.rb:479:in `const_missing'
    /home/ranjan/.rvm/gems/ree-1.8.7-2010.01/gems/activesupport-2.1.0/lib/active_support/inflector.rb:283:in `constantize'
    /home/ranjan/.rvm/gems/ree-1.8.7-2010.01/gems/activesupport-2.1.0/lib/active_support/core_ext/string/inflections.rb:143:in `constantize'
    /home/ranjan/.rvm/gems/ree-1.8.7-2010.01/gems/actionpack-2.1.0/lib/action_controller/routing/route_set.rb:386:in `recognize'
    /home/ranjan/.rvm/gems/ree-1.8.7-2010.01/gems/actionpack-2.1.0/lib/action_controller/dispatcher.rb:148:in `handle_request'
    /home/ranjan/.rvm/gems/ree-1.8.7-2010.01/gems/actionpack-2.1.0/lib/action_controller/dispatcher.rb:107:in `dispatch'
    /home/ranjan/.rvm/gems/ree-1.8.7-2010.01/gems/actionpack-2.1.0/lib/action_controller/dispatcher.rb:104:in `synchronize'
    /home/ranjan/.rvm/gems/ree-1.8.7-2010.01/gems/actionpack-2.1.0/lib/action_controller/dispatcher.rb:104:in `dispatch'
    /home/ranjan/.rvm/gems/ree-1.8.7-2010.01/gems/actionpack-2.1.0/lib/action_controller/dispatcher.rb:120:in `dispatch_cgi'
    /home/ranjan/.rvm/gems/ree-1.8.7-2010.01/gems/actionpack-2.1.0/lib/action_controller/dispatcher.rb:35:in `dispatch'
    /home/ranjan/.rvm/gems/ree-1.8.7-2010.01/gems/rails-2.1.0/lib/webrick_server.rb:112:in `handle_dispatch'
    /home/ranjan/.rvm/gems/ree-1.8.7-2010.01/gems/rails-2.1.0/lib/webrick_server.rb:78:in `service'
    /home/ranjan/.rvm/rubies/ree-1.8.7-2010.01/lib/ruby/1.8/webrick/httpserver.rb:104:in `service'
    /home/ranjan/.rvm/rubies/ree-1.8.7-2010.01/lib/ruby/1.8/webrick/httpserver.rb:65:in `run'
    /home/ranjan/.rvm/rubies/ree-1.8.7-2010.01/lib/ruby/1.8/webrick/server.rb:173:in `start_thread'
    /home/ranjan/.rvm/rubies/ree-1.8.7-2010.01/lib/ruby/1.8/webrick/server.rb:162:in `start'
    /home/ranjan/.rvm/rubies/ree-1.8.7-2010.01/lib/ruby/1.8/webrick/server.rb:162:in `start_thread'
    /home/ranjan/.rvm/rubies/ree-1.8.7-2010.01/lib/ruby/1.8/webrick/server.rb:95:in `start'
    /home/ranjan/.rvm/rubies/ree-1.8.7-2010.01/lib/ruby/1.8/webrick/server.rb:92:in `each'
    /home/ranjan/.rvm/rubies/ree-1.8.7-2010.01/lib/ruby/1.8/webrick/server.rb:92:in `start'
    /home/ranjan/.rvm/rubies/ree-1.8.7-2010.01/lib/ruby/1.8/webrick/server.rb:23:in `start'
    /home/ranjan/.rvm/rubies/ree-1.8.7-2010.01/lib/ruby/1.8/webrick/server.rb:82:in `start'
    /home/ranjan/.rvm/gems/ree-1.8.7-2010.01/gems/rails-2.1.0/lib/webrick_server.rb:62:in `dispatch'
    /home/ranjan/.rvm/gems/ree-1.8.7-2010.01/gems/rails-2.1.0/lib/commands/servers/webrick.rb:66
    /home/ranjan/.rvm/rubies/ree-1.8.7-2010.01/lib/ruby/site_ruby/1.8/rubygems/custom_require.rb:55:in `gem_original_require'
    /home/ranjan/.rvm/rubies/ree-1.8.7-2010.01/lib/ruby/site_ruby/1.8/rubygems/custom_require.rb:55:in `require'
    /home/ranjan/.rvm/gems/ree-1.8.7-2010.01/gems/activesupport-2.1.0/lib/active_support/dependencies.rb:509:in `require'
    /home/ranjan/.rvm/gems/ree-1.8.7-2010.01/gems/activesupport-2.1.0/lib/active_support/dependencies.rb:354:in `new_constants_in'
    /home/ranjan/.rvm/gems/ree-1.8.7-2010.01/gems/activesupport-2.1.0/lib/active_support/dependencies.rb:509:in `require'
    /home/ranjan/.rvm/gems/ree-1.8.7-2010.01/gems/rails-2.1.0/lib/commands/server.rb:39
    /home/ranjan/.rvm/rubies/ree-1.8.7-2010.01/lib/ruby/site_ruby/1.8/rubygems/custom_require.rb:55:in `gem_original_require'
    /home/ranjan/.rvm/rubies/ree-1.8.7-2010.01/lib/ruby/site_ruby/1.8/rubygems/custom_require.rb:55:in `require'
    script/server:3

Rendering /home/ranjan/.rvm/gems/ree-1.8.7-2010.01/gems/actionpack-2.1.0/lib/action_controller/templates/rescues/layout.erb (internal_server_error)


Processing SearchesController#index (for 127.0.0.1 at 2011-06-07 22:17:43) [GET]
  Session ID: BAh7BiIKZmxhc2hJQzonQWN0aW9uQ29udHJvbGxlcjo6Rmxhc2g6OkZsYXNo
SGFzaHsABjoKQHVzZWR7AA==--4d8b31cb94a13e79bc008ad22d8169c20d07d53c
  Parameters: {"action"=>"index", "controller"=>"searches"}


Processing SearchesController#index (for 127.0.0.1 at 2011-06-07 22:17:43) [GET]
  Session ID: BAh7BiIKZmxhc2hJQzonQWN0aW9uQ29udHJvbGxlcjo6Rmxhc2g6OkZsYXNo
SGFzaHsABjoKQHVzZWR7AA==--4d8b31cb94a13e79bc008ad22d8169c20d07d53c
  Parameters: {"action"=>"index", "controller"=>"searches"}


Mysql::Error (Unknown MySQL server host 'repserver' (1)):
    /home/ranjan/.rvm/gems/ree-1.8.7-2010.01/gems/activerecord-2.1.0/lib/active_record/connection_adapters/mysql_adapter.rb:505:in `real_connect'
    /home/ranjan/.rvm/gems/ree-1.8.7-2010.01/gems/activerecord-2.1.0/lib/active_record/connection_adapters/mysql_adapter.rb:505:in `connect'
    /home/ranjan/.rvm/gems/ree-1.8.7-2010.01/gems/activerecord-2.1.0/lib/active_record/connection_adapters/mysql_adapter.rb:183:in `initialize'
    /home/ranjan/.rvm/gems/ree-1.8.7-2010.01/gems/activerecord-2.1.0/lib/active_record/connection_adapters/mysql_adapter.rb:88:in `new'
    /home/ranjan/.rvm/gems/ree-1.8.7-2010.01/gems/activerecord-2.1.0/lib/active_record/connection_adapters/mysql_adapter.rb:88:in `mysql_connection'
    /home/ranjan/.rvm/gems/ree-1.8.7-2010.01/gems/activerecord-2.1.0/lib/active_record/connection_adapters/abstract/connection_specification.rb:292:in `send'
    /home/ranjan/.rvm/gems/ree-1.8.7-2010.01/gems/activerecord-2.1.0/lib/active_record/connection_adapters/abstract/connection_specification.rb:292:in `connection='
    /home/ranjan/.rvm/gems/ree-1.8.7-2010.01/gems/activerecord-2.1.0/lib/active_record/connection_adapters/abstract/connection_specification.rb:260:in `retrieve_connection'
    /home/ranjan/.rvm/gems/ree-1.8.7-2010.01/gems/activerecord-2.1.0/lib/active_record/connection_adapters/abstract/connection_specification.rb:78:in `connection'
    /home/ranjan/.rvm/gems/ree-1.8.7-2010.01/gems/activerecord-2.1.0/lib/active_record/query_cache.rb:8:in `cache'
    /home/ranjan/.rvm/gems/ree-1.8.7-2010.01/gems/actionpack-2.1.0/lib/action_controller/caching/sql_cache.rb:12:in `perform_action'
    /home/ranjan/.rvm/gems/ree-1.8.7-2010.01/gems/actionpack-2.1.0/lib/action_controller/base.rb:529:in `send'
    /home/ranjan/.rvm/gems/ree-1.8.7-2010.01/gems/actionpack-2.1.0/lib/action_controller/base.rb:529:in `process_without_filters'
    /home/ranjan/.rvm/gems/ree-1.8.7-2010.01/gems/actionpack-2.1.0/lib/action_controller/filters.rb:569:in `process_without_session_management_support'
    /home/ranjan/.rvm/gems/ree-1.8.7-2010.01/gems/actionpack-2.1.0/lib/action_controller/session_management.rb:130:in `process'
    /home/ranjan/.rvm/gems/ree-1.8.7-2010.01/gems/actionpack-2.1.0/lib/action_controller/base.rb:389:in `process'
    /home/ranjan/.rvm/gems/ree-1.8.7-2010.01/gems/actionpack-2.1.0/lib/action_controller/dispatcher.rb:149:in `handle_request'
    /home/ranjan/.rvm/gems/ree-1.8.7-2010.01/gems/actionpack-2.1.0/lib/action_controller/dispatcher.rb:107:in `dispatch'
    /home/ranjan/.rvm/gems/ree-1.8.7-2010.01/gems/actionpack-2.1.0/lib/action_controller/dispatcher.rb:104:in `synchronize'
    /home/ranjan/.rvm/gems/ree-1.8.7-2010.01/gems/actionpack-2.1.0/lib/action_controller/dispatcher.rb:104:in `dispatch'
    /home/ranjan/.rvm/gems/ree-1.8.7-2010.01/gems/actionpack-2.1.0/lib/action_controller/dispatcher.rb:120:in `dispatch_cgi'
    /home/ranjan/.rvm/gems/ree-1.8.7-2010.01/gems/actionpack-2.1.0/lib/action_controller/dispatcher.rb:35:in `dispatch'
    /home/ranjan/.rvm/gems/ree-1.8.7-2010.01/gems/rails-2.1.0/lib/webrick_server.rb:112:in `handle_dispatch'
    /home/ranjan/.rvm/gems/ree-1.8.7-2010.01/gems/rails-2.1.0/lib/webrick_server.rb:78:in `service'
    /home/ranjan/.rvm/rubies/ree-1.8.7-2010.01/lib/ruby/1.8/webrick/httpserver.rb:104:in `service'
    /home/ranjan/.rvm/rubies/ree-1.8.7-2010.01/lib/ruby/1.8/webrick/httpserver.rb:65:in `run'
    /home/ranjan/.rvm/rubies/ree-1.8.7-2010.01/lib/ruby/1.8/webrick/server.rb:173:in `start_thread'
    /home/ranjan/.rvm/rubies/ree-1.8.7-2010.01/lib/ruby/1.8/webrick/server.rb:162:in `start'
    /home/ranjan/.rvm/rubies/ree-1.8.7-2010.01/lib/ruby/1.8/webrick/server.rb:162:in `start_thread'
    /home/ranjan/.rvm/rubies/ree-1.8.7-2010.01/lib/ruby/1.8/webrick/server.rb:95:in `start'
    /home/ranjan/.rvm/rubies/ree-1.8.7-2010.01/lib/ruby/1.8/webrick/server.rb:92:in `each'
    /home/ranjan/.rvm/rubies/ree-1.8.7-2010.01/lib/ruby/1.8/webrick/server.rb:92:in `start'
    /home/ranjan/.rvm/rubies/ree-1.8.7-2010.01/lib/ruby/1.8/webrick/server.rb:23:in `start'
    /home/ranjan/.rvm/rubies/ree-1.8.7-2010.01/lib/ruby/1.8/webrick/server.rb:82:in `start'
    /home/ranjan/.rvm/gems/ree-1.8.7-2010.01/gems/rails-2.1.0/lib/webrick_server.rb:62:in `dispatch'
    /home/ranjan/.rvm/gems/ree-1.8.7-2010.01/gems/rails-2.1.0/lib/commands/servers/webrick.rb:66
    /home/ranjan/.rvm/rubies/ree-1.8.7-2010.01/lib/ruby/site_ruby/1.8/rubygems/custom_require.rb:55:in `gem_original_require'
    /home/ranjan/.rvm/rubies/ree-1.8.7-2010.01/lib/ruby/site_ruby/1.8/rubygems/custom_require.rb:55:in `require'
    /home/ranjan/.rvm/gems/ree-1.8.7-2010.01/gems/activesupport-2.1.0/lib/active_support/dependencies.rb:509:in `require'
    /home/ranjan/.rvm/gems/ree-1.8.7-2010.01/gems/activesupport-2.1.0/lib/active_support/dependencies.rb:354:in `new_constants_in'
    /home/ranjan/.rvm/gems/ree-1.8.7-2010.01/gems/activesupport-2.1.0/lib/active_support/dependencies.rb:509:in `require'
    /home/ranjan/.rvm/gems/ree-1.8.7-2010.01/gems/rails-2.1.0/lib/commands/server.rb:39
    /home/ranjan/.rvm/rubies/ree-1.8.7-2010.01/lib/ruby/site_ruby/1.8/rubygems/custom_require.rb:55:in `gem_original_require'
    /home/ranjan/.rvm/rubies/ree-1.8.7-2010.01/lib/ruby/site_ruby/1.8/rubygems/custom_require.rb:55:in `require'
    script/server:3

Rendering /home/ranjan/.rvm/gems/ree-1.8.7-2010.01/gems/actionpack-2.1.0/lib/action_controller/templates/rescues/layout.erb (internal_server_error)
  [4;36;1mSQL (0.008020)[0m   [0;1mSET SQL_AUTO_IS_NULL=0[0m
  [4;35;1mSQL (0.029104)[0m   [0mCREATE DATABASE `church_finder_development` DEFAULT CHARACTER SET `utf8` COLLATE `utf8_general_ci`[0m
  [4;36;1mSQL (0.000121)[0m   [0;1mSET SQL_AUTO_IS_NULL=0[0m
  [4;35;1mSQL (0.034876)[0m   [0mSHOW TABLES[0m
  [4;36;1mSQL (0.214108)[0m   [0;1mCREATE TABLE `schema_migrations` (`version` varchar(255) NOT NULL) ENGINE=InnoDB[0m
  [4;35;1mSQL (0.191123)[0m   [0mCREATE UNIQUE INDEX `unique_schema_migrations` ON `schema_migrations` (`version`)[0m
  [4;36;1mSQL (0.000373)[0m   [0;1mSHOW TABLES[0m
  [4;35;1mSQL (0.000363)[0m   [0mSELECT version FROM schema_migrations[0m
  [4;36;1mSQL (0.000049)[0m   [0;1mSELECT version FROM schema_migrations[0m
  [4;35;1mSQL (0.000040)[0m   [0mSELECT version FROM schema_migrations[0m
  [4;36;1mSQL (0.000045)[0m   [0;1mSELECT version FROM schema_migrations[0m
  [4;35;1mSQL (0.000042)[0m   [0mSELECT version FROM schema_migrations[0m
Migrating to CreateChurches (20080709114622)
  [4;36;1mSQL (0.000043)[0m   [0;1mSELECT version FROM schema_migrations[0m
  [4;35;1mSQL (0.135477)[0m   [0mCREATE TABLE `churches` (`id` int(11) DEFAULT NULL auto_increment PRIMARY KEY, `name` varchar(255) DEFAULT NULL NULL, `street` varchar(255) DEFAULT NULL NULL, `city` varchar(255) DEFAULT NULL NULL, `zip` varchar(255) DEFAULT NULL NULL, `state` varchar(255) DEFAULT NULL NULL, `phone` varchar(255) DEFAULT NULL NULL, `denomination_id` varchar(255) DEFAULT NULL NULL, `url` varchar(255) DEFAULT NULL NULL, `lat` varchar(255) DEFAULT NULL NULL, `lng` varchar(255) DEFAULT NULL NULL, `created_by` int(11) DEFAULT NULL NULL, `updated_by` int(11) DEFAULT NULL NULL, `created_at` datetime DEFAULT NULL NULL, `updated_at` datetime DEFAULT NULL NULL) ENGINE=InnoDB[0m
  [4;36;1mSQL (0.044415)[0m   [0;1mINSERT INTO schema_migrations (version) VALUES ('20080709114622')[0m
Migrating to CreateServices (20080709114721)
  [4;35;1mSQL (0.000185)[0m   [0mSELECT version FROM schema_migrations[0m
  [4;36;1mSQL (0.121686)[0m   [0;1mCREATE TABLE `services` (`id` int(11) DEFAULT NULL auto_increment PRIMARY KEY, `church_id` int(11) DEFAULT NULL NULL, `title` varchar(255) DEFAULT NULL NULL, `repete_on` varchar(255) DEFAULT NULL NULL, `start_at` time DEFAULT NULL NULL, `end_at` time DEFAULT NULL NULL, `start_date` date DEFAULT NULL NULL, `end_date` date DEFAULT NULL NULL, `recurring` tinyint(1) DEFAULT 1 NULL, `created_by` int(11) DEFAULT NULL NULL, `updated_by` int(11) DEFAULT NULL NULL, `created_at` datetime DEFAULT NULL NULL, `updated_at` datetime DEFAULT NULL NULL) ENGINE=InnoDB[0m
  [4;35;1mSQL (0.044397)[0m   [0mINSERT INTO schema_migrations (version) VALUES ('20080709114721')[0m
Migrating to CreateEvents (20080709114736)
  [4;36;1mSQL (0.000184)[0m   [0;1mSELECT version FROM schema_migrations[0m
  [4;35;1mSQL (0.121902)[0m   [0mCREATE TABLE `events` (`id` int(11) DEFAULT NULL auto_increment PRIMARY KEY, `church_id` int(11) DEFAULT NULL NULL, `title` varchar(255) DEFAULT NULL NULL, `repete_on` varchar(255) DEFAULT NULL NULL, `description` varchar(255) DEFAULT NULL NULL, `start_at` time DEFAULT NULL NULL, `end_at` time DEFAULT NULL NULL, `start_date` date DEFAULT NULL NULL, `end_date` date DEFAULT NULL NULL, `recurring` tinyint(1) DEFAULT 1 NULL, `created_by` int(11) DEFAULT NULL NULL, `updated_by` int(11) DEFAULT NULL NULL, `created_at` datetime DEFAULT NULL NULL, `updated_at` datetime DEFAULT NULL NULL) ENGINE=InnoDB[0m
  [4;36;1mSQL (0.033249)[0m   [0;1mINSERT INTO schema_migrations (version) VALUES ('20080709114736')[0m
Migrating to CreateDenominations (20080709114812)
  [4;35;1mSQL (0.000271)[0m   [0mSELECT version FROM schema_migrations[0m
  [4;36;1mSQL (0.111154)[0m   [0;1mCREATE TABLE `denominations` (`id` int(11) DEFAULT NULL auto_increment PRIMARY KEY, `name` varchar(255) DEFAULT NULL NULL, `created_at` datetime DEFAULT NULL NULL, `updated_at` datetime DEFAULT NULL NULL) ENGINE=InnoDB[0m
  [4;35;1mSQL (0.033433)[0m   [0mINSERT INTO schema_migrations (version) VALUES ('20080709114812')[0m
Migrating to CreateUsers (20080710044243)
  [4;36;1mSQL (0.000268)[0m   [0;1mSELECT version FROM schema_migrations[0m
  [4;35;1mSQL (0.144823)[0m   [0mCREATE TABLE `users` (`id` int(11) DEFAULT NULL auto_increment PRIMARY KEY, `created_at` datetime DEFAULT NULL NULL, `updated_at` datetime DEFAULT NULL NULL) ENGINE=InnoDB[0m
  [4;36;1mSQL (0.033249)[0m   [0;1mINSERT INTO schema_migrations (version) VALUES ('20080710044243')[0m
  [4;35;1mSQL (0.000232)[0m   [0mSELECT version FROM schema_migrations[0m
  [4;36;1mSQL (0.000450)[0m   [0;1mSHOW TABLES[0m
  [4;35;1mSQL (0.002847)[0m   [0mSHOW FIELDS FROM `churches`[0m
  [4;36;1mSQL (0.000651)[0m   [0;1mdescribe `churches`[0m
  [4;35;1mSQL (0.000221)[0m   [0mSHOW KEYS FROM `churches`[0m
  [4;36;1mSQL (0.000489)[0m   [0;1mSHOW FIELDS FROM `denominations`[0m
  [4;35;1mSQL (0.000415)[0m   [0mdescribe `denominations`[0m
  [4;36;1mSQL (0.000169)[0m   [0;1mSHOW KEYS FROM `denominations`[0m
  [4;35;1mSQL (0.000659)[0m   [0mSHOW FIELDS FROM `events`[0m
  [4;36;1mSQL (0.000585)[0m   [0;1mdescribe `events`[0m
  [4;35;1mSQL (0.000177)[0m   [0mSHOW KEYS FROM `events`[0m
  [4;36;1mSQL (0.000639)[0m   [0;1mSHOW FIELDS FROM `services`[0m
  [4;35;1mSQL (0.000733)[0m   [0mdescribe `services`[0m
  [4;36;1mSQL (0.000293)[0m   [0;1mSHOW KEYS FROM `services`[0m
  [4;35;1mSQL (0.000538)[0m   [0mSHOW FIELDS FROM `users`[0m
  [4;36;1mSQL (0.000435)[0m   [0;1mdescribe `users`[0m
  [4;35;1mSQL (0.000188)[0m   [0mSHOW KEYS FROM `users`[0m


Processing SearchesController#index (for 127.0.0.1 at 2011-06-07 22:20:59) [GET]
  Session ID: BAh7BiIKZmxhc2hJQzonQWN0aW9uQ29udHJvbGxlcjo6Rmxhc2g6OkZsYXNo
SGFzaHsABjoKQHVzZWR7AA==--4d8b31cb94a13e79bc008ad22d8169c20d07d53c
  Parameters: {"action"=>"index", "controller"=>"searches"}
  [4;36;1mSQL (0.000119)[0m   [0;1mSET SQL_AUTO_IS_NULL=0[0m
Rendering template within layouts/application
Rendering searches/index
Rendered searches/_church_list (0.00001)
Completed in 0.01050 (95 reqs/sec) | Rendering: 0.00900 (85%) | DB: 0.00012 (1%) | 200 OK [http://localhost/]


Processing SessionsController#new (for 127.0.0.1 at 2011-06-07 22:21:07) [GET]
  Session ID: BAh7ByIKZmxhc2hJQzonQWN0aW9uQ29udHJvbGxlcjo6Rmxhc2g6OkZsYXNo
SGFzaHsABjoKQHVzZWR7ADoMY3NyZl9pZCIlOThhNTIzY2Q2NDIxNTU1MDkx
MGEwYmIzNTEzM2M1Y2Q=--c0ac3b6d0a8299ee7a90a12ab4c8ff42bdb3e745
  Parameters: {"action"=>"new", "controller"=>"sessions"}
Rendering template within layouts/main
Rendering sessions/new
Completed in 0.00484 (206 reqs/sec) | Rendering: 0.00365 (75%) | DB: 0.00000 (0%) | 200 OK [http://localhost/sessions/new]


Processing UsersController#new (for 127.0.0.1 at 2011-06-07 22:21:22) [GET]
  Session ID: BAh7ByIKZmxhc2hJQzonQWN0aW9uQ29udHJvbGxlcjo6Rmxhc2g6OkZsYXNo
SGFzaHsABjoKQHVzZWR7ADoMY3NyZl9pZCIlOThhNTIzY2Q2NDIxNTU1MDkx
MGEwYmIzNTEzM2M1Y2Q=--c0ac3b6d0a8299ee7a90a12ab4c8ff42bdb3e745
  Parameters: {"action"=>"new", "controller"=>"users"}
  [4;35;1mUser Columns (0.000589)[0m   [0mSHOW FIELDS FROM `users`[0m
Rendering template within layouts/application
Rendering users/new


ActionView::TemplateError (undefined method `name' for #<User id: nil, created_at: nil, updated_at: nil>) on line #2 of users/_form.rhtml:
1: <table style="align :center">
2:   <tr><td>Name</td><td><%= form.text_field :name %></td></tr>
3:   <tr><td>UserName</td><td><%= form.text_field :username %></td></tr>
4:   <tr><td>Password</td><td><%= form.password_field :password %></td></tr>
5:   <tr><td>Confirm Password</td><td><%= form.password_field :password_confirmation %>

    /home/ranjan/.rvm/gems/ree-1.8.7-2010.01/gems/activerecord-2.1.0/lib/active_record/attribute_methods.rb:256:in `method_missing'
    /home/ranjan/.rvm/gems/ree-1.8.7-2010.01/gems/actionpack-2.1.0/lib/action_view/helpers/form_helper.rb:624:in `send'
    /home/ranjan/.rvm/gems/ree-1.8.7-2010.01/gems/actionpack-2.1.0/lib/action_view/helpers/form_helper.rb:624:in `value_before_type_cast'
    /home/ranjan/.rvm/gems/ree-1.8.7-2010.01/gems/actionpack-2.1.0/lib/action_view/helpers/form_helper.rb:612:in `value_before_type_cast'
    /home/ranjan/.rvm/gems/ree-1.8.7-2010.01/gems/actionpack-2.1.0/lib/action_view/helpers/form_helper.rb:535:in `to_input_field_tag'
    /home/ranjan/.rvm/gems/ree-1.8.7-2010.01/gems/actionpack-2.1.0/lib/action_view/helpers/form_helper.rb:358:in `text_field'
    /home/ranjan/.rvm/gems/ree-1.8.7-2010.01/gems/actionpack-2.1.0/lib/action_view/helpers/form_helper.rb:709:in `send'
    /home/ranjan/.rvm/gems/ree-1.8.7-2010.01/gems/actionpack-2.1.0/lib/action_view/helpers/form_helper.rb:709:in `text_field'
    app/views/users/_form.rhtml:2:in `_run_erb_47app47views47users47_form46rhtml'
    /home/ranjan/.rvm/gems/ree-1.8.7-2010.01/gems/actionpack-2.1.0/lib/action_view/base.rb:338:in `send'
    /home/ranjan/.rvm/gems/ree-1.8.7-2010.01/gems/actionpack-2.1.0/lib/action_view/base.rb:338:in `execute'
    /home/ranjan/.rvm/gems/ree-1.8.7-2010.01/gems/actionpack-2.1.0/lib/action_view/template_handlers/compilable.rb:29:in `send'
    /home/ranjan/.rvm/gems/ree-1.8.7-2010.01/gems/actionpack-2.1.0/lib/action_view/template_handlers/compilable.rb:29:in `render'
    /home/ranjan/.rvm/gems/ree-1.8.7-2010.01/gems/actionpack-2.1.0/lib/action_view/partial_template.rb:20:in `render'
    /home/ranjan/.rvm/gems/ree-1.8.7-2010.01/gems/actionpack-2.1.0/lib/action_controller/benchmarking.rb:26:in `benchmark'
    /home/ranjan/.rvm/gems/ree-1.8.7-2010.01/gems/activesupport-2.1.0/lib/active_support/core_ext/benchmark.rb:8:in `realtime'
    /home/ranjan/.rvm/gems/ree-1.8.7-2010.01/gems/actionpack-2.1.0/lib/action_controller/benchmarking.rb:26:in `benchmark'
    /home/ranjan/.rvm/gems/ree-1.8.7-2010.01/gems/actionpack-2.1.0/lib/action_view/partial_template.rb:19:in `render'
    /home/ranjan/.rvm/gems/ree-1.8.7-2010.01/gems/actionpack-2.1.0/lib/action_view/template.rb:22:in `render_template'
    /home/ranjan/.rvm/gems/ree-1.8.7-2010.01/gems/actionpack-2.1.0/lib/action_view/partials.rb:110:in `render_partial'
    /home/ranjan/.rvm/gems/ree-1.8.7-2010.01/gems/actionpack-2.1.0/lib/action_view/base.rb:273:in `render'
    app/views/users/new.html.erb:6:in `_run_erb_47app47views47users47new46html46erb'
    /home/ranjan/.rvm/gems/ree-1.8.7-2010.01/gems/actionpack-2.1.0/lib/action_view/helpers/form_helper.rb:317:in `fields_for'
    /home/ranjan/.rvm/gems/ree-1.8.7-2010.01/gems/actionpack-2.1.0/lib/action_view/helpers/form_helper.rb:253:in `form_for'
    app/views/users/new.html.erb:3:in `_run_erb_47app47views47users47new46html46erb'
    /home/ranjan/.rvm/gems/ree-1.8.7-2010.01/gems/actionpack-2.1.0/lib/action_view/base.rb:338:in `send'
    /home/ranjan/.rvm/gems/ree-1.8.7-2010.01/gems/actionpack-2.1.0/lib/action_view/base.rb:338:in `execute'
    /home/ranjan/.rvm/gems/ree-1.8.7-2010.01/gems/actionpack-2.1.0/lib/action_view/template_handlers/compilable.rb:29:in `send'
    /home/ranjan/.rvm/gems/ree-1.8.7-2010.01/gems/actionpack-2.1.0/lib/action_view/template_handlers/compilable.rb:29:in `render'
    /home/ranjan/.rvm/gems/ree-1.8.7-2010.01/gems/actionpack-2.1.0/lib/action_view/template.rb:35:in `render'
    /home/ranjan/.rvm/gems/ree-1.8.7-2010.01/gems/actionpack-2.1.0/lib/action_view/template.rb:22:in `render_template'
    /home/ranjan/.rvm/gems/ree-1.8.7-2010.01/gems/actionpack-2.1.0/lib/action_view/base.rb:245:in `render_file'
    /home/ranjan/.rvm/gems/ree-1.8.7-2010.01/gems/actionpack-2.1.0/lib/action_controller/base.rb:1108:in `render_for_file'
    /home/ranjan/.rvm/gems/ree-1.8.7-2010.01/gems/actionpack-2.1.0/lib/action_controller/base.rb:865:in `render_with_no_layout'
    /home/ranjan/.rvm/gems/ree-1.8.7-2010.01/gems/actionpack-2.1.0/lib/action_controller/base.rb:880:in `render_with_no_layout'
    /home/ranjan/.rvm/gems/ree-1.8.7-2010.01/gems/actionpack-2.1.0/lib/action_controller/layout.rb:251:in `render_without_benchmark'
    /home/ranjan/.rvm/gems/ree-1.8.7-2010.01/gems/actionpack-2.1.0/lib/action_controller/benchmarking.rb:51:in `render'
    /home/ranjan/.rvm/gems/ree-1.8.7-2010.01/gems/activesupport-2.1.0/lib/active_support/core_ext/benchmark.rb:8:in `realtime'
    /home/ranjan/.rvm/gems/ree-1.8.7-2010.01/gems/actionpack-2.1.0/lib/action_controller/benchmarking.rb:51:in `render'
    /home/ranjan/.rvm/gems/ree-1.8.7-2010.01/gems/actionpack-2.1.0/lib/action_controller/mime_responds.rb:131:in `send'
    /home/ranjan/.rvm/gems/ree-1.8.7-2010.01/gems/actionpack-2.1.0/lib/action_controller/mime_responds.rb:131
    /home/ranjan/.rvm/gems/ree-1.8.7-2010.01/gems/actionpack-2.1.0/lib/action_controller/mime_responds.rb:160:in `call'
    /home/ranjan/.rvm/gems/ree-1.8.7-2010.01/gems/actionpack-2.1.0/lib/action_controller/mime_responds.rb:160:in `respond'
    /home/ranjan/.rvm/gems/ree-1.8.7-2010.01/gems/actionpack-2.1.0/lib/action_controller/mime_responds.rb:154:in `each'
    /home/ranjan/.rvm/gems/ree-1.8.7-2010.01/gems/actionpack-2.1.0/lib/action_controller/mime_responds.rb:154:in `respond'
    /home/ranjan/.rvm/gems/ree-1.8.7-2010.01/gems/actionpack-2.1.0/lib/action_controller/mime_responds.rb:107:in `respond_to'
    app/controllers/users_controller.rb:24:in `new'
    /home/ranjan/.rvm/gems/ree-1.8.7-2010.01/gems/actionpack-2.1.0/lib/action_controller/base.rb:1162:in `send'
    /home/ranjan/.rvm/gems/ree-1.8.7-2010.01/gems/actionpack-2.1.0/lib/action_controller/base.rb:1162:in `perform_action_without_filters'
    /home/ranjan/.rvm/gems/ree-1.8.7-2010.01/gems/actionpack-2.1.0/lib/action_controller/filters.rb:580:in `call_filters'
    /home/ranjan/.rvm/gems/ree-1.8.7-2010.01/gems/actionpack-2.1.0/lib/action_controller/filters.rb:573:in `perform_action_without_benchmark'
    /home/ranjan/.rvm/gems/ree-1.8.7-2010.01/gems/actionpack-2.1.0/lib/action_controller/benchmarking.rb:68:in `perform_action_without_rescue'
    /home/ranjan/.rvm/rubies/ree-1.8.7-2010.01/lib/ruby/1.8/benchmark.rb:293:in `measure'
    /home/ranjan/.rvm/gems/ree-1.8.7-2010.01/gems/actionpack-2.1.0/lib/action_controller/benchmarking.rb:68:in `perform_action_without_rescue'
    /home/ranjan/.rvm/gems/ree-1.8.7-2010.01/gems/actionpack-2.1.0/lib/action_controller/rescue.rb:201:in `perform_action_without_caching'
    /home/ranjan/.rvm/gems/ree-1.8.7-2010.01/gems/actionpack-2.1.0/lib/action_controller/caching/sql_cache.rb:13:in `perform_action'
    /home/ranjan/.rvm/gems/ree-1.8.7-2010.01/gems/activerecord-2.1.0/lib/active_record/connection_adapters/abstract/query_cache.rb:33:in `cache'
    /home/ranjan/.rvm/gems/ree-1.8.7-2010.01/gems/activerecord-2.1.0/lib/active_record/query_cache.rb:8:in `cache'
    /home/ranjan/.rvm/gems/ree-1.8.7-2010.01/gems/actionpack-2.1.0/lib/action_controller/caching/sql_cache.rb:12:in `perform_action'
    /home/ranjan/.rvm/gems/ree-1.8.7-2010.01/gems/actionpack-2.1.0/lib/action_controller/base.rb:529:in `send'
    /home/ranjan/.rvm/gems/ree-1.8.7-2010.01/gems/actionpack-2.1.0/lib/action_controller/base.rb:529:in `process_without_filters'
    /home/ranjan/.rvm/gems/ree-1.8.7-2010.01/gems/actionpack-2.1.0/lib/action_controller/filters.rb:569:in `process_without_session_management_support'
    /home/ranjan/.rvm/gems/ree-1.8.7-2010.01/gems/actionpack-2.1.0/lib/action_controller/session_management.rb:130:in `process'
    /home/ranjan/.rvm/gems/ree-1.8.7-2010.01/gems/actionpack-2.1.0/lib/action_controller/base.rb:389:in `process'
    /home/ranjan/.rvm/gems/ree-1.8.7-2010.01/gems/actionpack-2.1.0/lib/action_controller/dispatcher.rb:149:in `handle_request'
    /home/ranjan/.rvm/gems/ree-1.8.7-2010.01/gems/actionpack-2.1.0/lib/action_controller/dispatcher.rb:107:in `dispatch'
    /home/ranjan/.rvm/gems/ree-1.8.7-2010.01/gems/actionpack-2.1.0/lib/action_controller/dispatcher.rb:104:in `synchronize'
    /home/ranjan/.rvm/gems/ree-1.8.7-2010.01/gems/actionpack-2.1.0/lib/action_controller/dispatcher.rb:104:in `dispatch'
    /home/ranjan/.rvm/gems/ree-1.8.7-2010.01/gems/actionpack-2.1.0/lib/action_controller/dispatcher.rb:120:in `dispatch_cgi'
    /home/ranjan/.rvm/gems/ree-1.8.7-2010.01/gems/actionpack-2.1.0/lib/action_controller/dispatcher.rb:35:in `dispatch'
    /home/ranjan/.rvm/gems/ree-1.8.7-2010.01/gems/rails-2.1.0/lib/webrick_server.rb:112:in `handle_dispatch'
    /home/ranjan/.rvm/gems/ree-1.8.7-2010.01/gems/rails-2.1.0/lib/webrick_server.rb:78:in `service'
    /home/ranjan/.rvm/rubies/ree-1.8.7-2010.01/lib/ruby/1.8/webrick/httpserver.rb:104:in `service'
    /home/ranjan/.rvm/rubies/ree-1.8.7-2010.01/lib/ruby/1.8/webrick/httpserver.rb:65:in `run'
    /home/ranjan/.rvm/rubies/ree-1.8.7-2010.01/lib/ruby/1.8/webrick/server.rb:173:in `start_thread'
    /home/ranjan/.rvm/rubies/ree-1.8.7-2010.01/lib/ruby/1.8/webrick/server.rb:162:in `start'
    /home/ranjan/.rvm/rubies/ree-1.8.7-2010.01/lib/ruby/1.8/webrick/server.rb:162:in `start_thread'
    /home/ranjan/.rvm/rubies/ree-1.8.7-2010.01/lib/ruby/1.8/webrick/server.rb:95:in `start'
    /home/ranjan/.rvm/rubies/ree-1.8.7-2010.01/lib/ruby/1.8/webrick/server.rb:92:in `each'
    /home/ranjan/.rvm/rubies/ree-1.8.7-2010.01/lib/ruby/1.8/webrick/server.rb:92:in `start'
    /home/ranjan/.rvm/rubies/ree-1.8.7-2010.01/lib/ruby/1.8/webrick/server.rb:23:in `start'
    /home/ranjan/.rvm/rubies/ree-1.8.7-2010.01/lib/ruby/1.8/webrick/server.rb:82:in `start'
    /home/ranjan/.rvm/gems/ree-1.8.7-2010.01/gems/rails-2.1.0/lib/webrick_server.rb:62:in `dispatch'
    /home/ranjan/.rvm/gems/ree-1.8.7-2010.01/gems/rails-2.1.0/lib/commands/servers/webrick.rb:66
    /home/ranjan/.rvm/rubies/ree-1.8.7-2010.01/lib/ruby/site_ruby/1.8/rubygems/custom_require.rb:55:in `gem_original_require'
    /home/ranjan/.rvm/rubies/ree-1.8.7-2010.01/lib/ruby/site_ruby/1.8/rubygems/custom_require.rb:55:in `require'
    /home/ranjan/.rvm/gems/ree-1.8.7-2010.01/gems/activesupport-2.1.0/lib/active_support/dependencies.rb:509:in `require'
    /home/ranjan/.rvm/gems/ree-1.8.7-2010.01/gems/activesupport-2.1.0/lib/active_support/dependencies.rb:354:in `new_constants_in'
    /home/ranjan/.rvm/gems/ree-1.8.7-2010.01/gems/activesupport-2.1.0/lib/active_support/dependencies.rb:509:in `require'
    /home/ranjan/.rvm/gems/ree-1.8.7-2010.01/gems/rails-2.1.0/lib/commands/server.rb:39
    /home/ranjan/.rvm/rubies/ree-1.8.7-2010.01/lib/ruby/site_ruby/1.8/rubygems/custom_require.rb:55:in `gem_original_require'
    /home/ranjan/.rvm/rubies/ree-1.8.7-2010.01/lib/ruby/site_ruby/1.8/rubygems/custom_require.rb:55:in `require'
    script/server:3

Rendering /home/ranjan/.rvm/gems/ree-1.8.7-2010.01/gems/actionpack-2.1.0/lib/action_controller/templates/rescues/layout.erb (internal_server_error)
